<?xml version="1.0" encoding="UTF-8"?>
<!-- Generated by org.testng.reporters.JUnitReportReporter -->
<testsuite hostname="DESKTOP-SNUGBNA" failures="0" tests="1" name="Orangehrmtestcases.CheckAdminLoginWithVaildData" time="9.591" errors="0" timestamp="2023-04-10T12:04:56 IST" skipped="0">
  <testcase classname="Orangehrmtestcases.CheckAdminLoginWithVaildData" name="Adminlogintestvaliddata" time="9.591"/>
  <system-out/>
</testsuite> <!-- Orangehrmtestcases.CheckAdminLoginWithVaildData -->
